00:24:55 [pool-2-thread-1] INFO  com.ipiecoles.java.java350.service.EmployeService .embaucheEmploye                - Embauche de l'employé Jean Aurore diplômé de INGENIEUR en tant que MANAGER avec un taux d'activité de 1.0
00:24:55 [pool-2-thread-1] INFO  com.ipiecoles.java.java350.service.EmployeService .embaucheEmploye                - Aucun matricule trouvé, attribution du matricule par défaut 00001
00:24:55 [pool-2-thread-1] INFO  com.ipiecoles.java.java350.service.EmployeService .embaucheEmploye                - Employé créé : com.ipiecoles.java.java350.model.Employe@bc2ed268
00:31:35 [pool-2-thread-1] INFO  com.ipiecoles.java.java350.service.EmployeService .embaucheEmploye                - Embauche de l'employé Jean Aurore diplômé de INGENIEUR en tant que MANAGER avec un taux d'activité de 1.0
00:31:35 [pool-2-thread-1] INFO  com.ipiecoles.java.java350.service.EmployeService .embaucheEmploye                - Aucun matricule trouvé, attribution du matricule par défaut 00001
00:31:35 [pool-2-thread-1] INFO  com.ipiecoles.java.java350.service.EmployeService .embaucheEmploye                - Employé créé : com.ipiecoles.java.java350.model.Employe@bc2ed268
00:36:43 [pool-2-thread-1] INFO  com.ipiecoles.java.java350.service.EmployeService .embaucheEmploye                - Embauche de l'employé Jean Aurore diplômé de INGENIEUR en tant que MANAGER avec un taux d'activité de 1.0
00:36:43 [pool-2-thread-1] INFO  com.ipiecoles.java.java350.service.EmployeService .embaucheEmploye                - Aucun matricule trouvé, attribution du matricule par défaut 00001
00:36:43 [pool-2-thread-1] INFO  com.ipiecoles.java.java350.service.EmployeService .embaucheEmploye                - Employé créé : com.ipiecoles.java.java350.model.Employe@bc2ed268
00:44:01 [pool-2-thread-1] INFO  com.ipiecoles.java.java350.service.EmployeService .embaucheEmploye                - Embauche de l'employé Jean Aurore diplômé de INGENIEUR en tant que MANAGER avec un taux d'activité de 1.0
00:44:01 [pool-2-thread-1] INFO  com.ipiecoles.java.java350.service.EmployeService .embaucheEmploye                - Aucun matricule trouvé, attribution du matricule par défaut 00001
00:44:01 [pool-2-thread-1] INFO  com.ipiecoles.java.java350.service.EmployeService .embaucheEmploye                - Employé créé : com.ipiecoles.java.java350.model.Employe@bc2ed268
01:33:42 [main] INFO  c.i.java.java350.repository.EmployeRepositoryTest .logStarting                    - Starting EmployeRepositoryTest on FR-L4228361 with PID 18124 (started by yann.maloula in C:\dev\git\ipi-java-350-ex)
01:33:42 [main] INFO  c.i.java.java350.repository.EmployeRepositoryTest .logStartupProfileInfo          - No active profile set, falling back to default profiles: default
01:33:50 [main] INFO  c.i.java.java350.repository.EmployeRepositoryTest .logStarted                     - Started EmployeRepositoryTest in 9.235 seconds (JVM running for 12.721)
01:34:41 [main] INFO  c.i.j.java350.repository.EmployeRepositoryTestEval.logStarting                    - Starting EmployeRepositoryTestEval on FR-L4228361 with PID 33028 (started by yann.maloula in C:\dev\git\ipi-java-350-ex)
01:34:41 [main] INFO  c.i.j.java350.repository.EmployeRepositoryTestEval.logStartupProfileInfo          - No active profile set, falling back to default profiles: default
01:34:48 [main] INFO  c.i.j.java350.repository.EmployeRepositoryTestEval.logStarted                     - Started EmployeRepositoryTestEval in 7.869 seconds (JVM running for 11.183)
01:34:49 [main] INFO  com.ipiecoles.java.java350.service.EmployeService .calculPerformanceCommercial    - Performance employé 1 : 
01:34:49 [main] INFO  com.ipiecoles.java.java350.service.EmployeService .calculPerformanceCommercial    - Performance moyenne employé 1.0 : 
01:34:49 [main] INFO  com.ipiecoles.java.java350.service.EmployeService .calculPerformanceCommercial    - Performance employé 1 : 
01:34:49 [main] INFO  com.ipiecoles.java.java350.service.EmployeService .calculPerformanceCommercial    - Performance moyenne employé 1.0 : 
01:34:49 [main] INFO  com.ipiecoles.java.java350.service.EmployeService .calculPerformanceCommercial    - Performance employé 1 : 
01:34:49 [main] INFO  com.ipiecoles.java.java350.service.EmployeService .calculPerformanceCommercial    - Performance moyenne employé 1.0 : 
01:34:49 [main] INFO  com.ipiecoles.java.java350.service.EmployeService .calculPerformanceCommercial    - Performance employé 3 : 
01:34:49 [main] INFO  com.ipiecoles.java.java350.service.EmployeService .calculPerformanceCommercial    - Performance moyenne employé 1.0 : 
01:34:49 [main] INFO  com.ipiecoles.java.java350.service.EmployeService .calculPerformanceCommercial    - Performance employé 6 : 
01:34:49 [main] INFO  com.ipiecoles.java.java350.service.EmployeService .calculPerformanceCommercial    - Performance moyenne employé 1.4 : 
01:35:22 [main] INFO  c.i.j.j.service.EmployeServiceIntegrationTest     .logStarting                    - Starting EmployeServiceIntegrationTest on FR-L4228361 with PID 39048 (started by yann.maloula in C:\dev\git\ipi-java-350-ex)
01:35:22 [main] INFO  c.i.j.j.service.EmployeServiceIntegrationTest     .logStartupProfileInfo          - No active profile set, falling back to default profiles: default
01:35:30 [main] INFO  c.i.j.j.service.EmployeServiceIntegrationTest     .logStarted                     - Started EmployeServiceIntegrationTest in 8.427 seconds (JVM running for 11.349)
01:35:30 [main] INFO  com.ipiecoles.java.java350.service.EmployeService .embaucheEmploye                - Embauche de l'employé Jean Aurore diplômé de INGENIEUR en tant que MANAGER avec un taux d'activité de 1.0
01:35:30 [main] INFO  com.ipiecoles.java.java350.service.EmployeService .embaucheEmploye                - Aucun matricule trouvé, attribution du matricule par défaut 00001
01:35:30 [main] INFO  com.ipiecoles.java.java350.service.EmployeService .embaucheEmploye                - Employé créé : com.ipiecoles.java.java350.model.Employe@bc2ed268
01:36:23 [main] INFO  com.ipiecoles.java.java350.service.EmployeService .embaucheEmploye                - Embauche de l'employé Jean Aurore diplômé de INGENIEUR en tant que MANAGER avec un taux d'activité de 1.0
01:36:23 [main] WARN  com.ipiecoles.java.java350.service.EmployeService .embaucheEmploye                - Attention, seuil des 90000 matricules atteints !
01:36:23 [main] ERROR com.ipiecoles.java.java350.service.EmployeService .embaucheEmploye                - L'employé de matricule M99999 existe déjà en BDD
01:36:23 [main] INFO  com.ipiecoles.java.java350.service.EmployeService .embaucheEmploye                - Embauche de l'employé Jean Aurore diplômé de INGENIEUR en tant que MANAGER avec un taux d'activité de 1.0
01:36:23 [main] WARN  com.ipiecoles.java.java350.service.EmployeService .embaucheEmploye                - Attention, seuil des 90000 matricules atteints !
01:36:23 [main] ERROR com.ipiecoles.java.java350.service.EmployeService .embaucheEmploye                - L'employé de matricule M99999 existe déjà en BDD
01:36:23 [main] INFO  com.ipiecoles.java.java350.service.EmployeService .embaucheEmploye                - Embauche de l'employé Jean Aurore diplômé de INGENIEUR en tant que MANAGER avec un taux d'activité de 1.0
01:36:23 [main] ERROR com.ipiecoles.java.java350.service.EmployeService .embaucheEmploye                - Limite des 100000 matricules atteinte !
01:36:23 [main] INFO  com.ipiecoles.java.java350.service.EmployeService .embaucheEmploye                - Embauche de l'employé Jean Aurore diplômé de INGENIEUR en tant que MANAGER avec un taux d'activité de 1.0
01:36:23 [main] ERROR com.ipiecoles.java.java350.service.EmployeService .embaucheEmploye                - Limite des 100000 matricules atteinte !
01:36:23 [main] INFO  com.ipiecoles.java.java350.service.EmployeService .embaucheEmploye                - Embauche de l'employé Dupont Emilie diplômé de INGENIEUR en tant que MANAGER avec un taux d'activité de 1.0
01:36:23 [main] INFO  com.ipiecoles.java.java350.service.EmployeService .embaucheEmploye                - Employé créé : com.ipiecoles.java.java350.model.Employe@6a718c1a
01:36:23 [main] INFO  com.ipiecoles.java.java350.service.EmployeService .embaucheEmploye                - Embauche de l'employé Jean Aurore diplômé de INGENIEUR en tant que MANAGER avec un taux d'activité de 1.0
01:36:23 [main] ERROR com.ipiecoles.java.java350.service.EmployeService .embaucheEmploye                - Limite des 100000 matricules atteinte !
01:36:23 [main] INFO  com.ipiecoles.java.java350.service.EmployeService .embaucheEmploye                - Embauche de l'employé Jean Aurore diplômé de INGENIEUR en tant que MANAGER avec un taux d'activité de 1.0
01:36:23 [main] INFO  com.ipiecoles.java.java350.service.EmployeService .embaucheEmploye                - Employé créé : com.ipiecoles.java.java350.model.Employe@933617e4
01:41:48 [main] INFO  com.ipiecoles.java.java350.service.EmployeService .embaucheEmploye                - Embauche de l'employé Jean Aurore diplômé de INGENIEUR en tant que MANAGER avec un taux d'activité de 1.0
01:41:48 [main] WARN  com.ipiecoles.java.java350.service.EmployeService .embaucheEmploye                - Attention, seuil des 90000 matricules atteints !
01:41:48 [main] ERROR com.ipiecoles.java.java350.service.EmployeService .embaucheEmploye                - L'employé de matricule M99999 existe déjà en BDD
01:41:48 [main] INFO  com.ipiecoles.java.java350.service.EmployeService .embaucheEmploye                - Embauche de l'employé Jean Aurore diplômé de INGENIEUR en tant que MANAGER avec un taux d'activité de 1.0
01:41:48 [main] WARN  com.ipiecoles.java.java350.service.EmployeService .embaucheEmploye                - Attention, seuil des 90000 matricules atteints !
01:41:48 [main] ERROR com.ipiecoles.java.java350.service.EmployeService .embaucheEmploye                - L'employé de matricule M99999 existe déjà en BDD
01:41:48 [main] INFO  com.ipiecoles.java.java350.service.EmployeService .embaucheEmploye                - Embauche de l'employé Jean Aurore diplômé de INGENIEUR en tant que MANAGER avec un taux d'activité de 1.0
01:41:48 [main] ERROR com.ipiecoles.java.java350.service.EmployeService .embaucheEmploye                - Limite des 100000 matricules atteinte !
01:41:48 [main] INFO  com.ipiecoles.java.java350.service.EmployeService .embaucheEmploye                - Embauche de l'employé Jean Aurore diplômé de INGENIEUR en tant que MANAGER avec un taux d'activité de 1.0
01:41:48 [main] ERROR com.ipiecoles.java.java350.service.EmployeService .embaucheEmploye                - Limite des 100000 matricules atteinte !
01:41:48 [main] INFO  com.ipiecoles.java.java350.service.EmployeService .embaucheEmploye                - Embauche de l'employé Jean Aurore diplômé de INGENIEUR en tant que MANAGER avec un taux d'activité de 1.0
01:41:48 [main] ERROR com.ipiecoles.java.java350.service.EmployeService .embaucheEmploye                - Limite des 100000 matricules atteinte !
01:41:48 [main] INFO  com.ipiecoles.java.java350.service.EmployeService .embaucheEmploye                - Embauche de l'employé Jean Aurore diplômé de INGENIEUR en tant que MANAGER avec un taux d'activité de 1.0
01:41:48 [main] INFO  com.ipiecoles.java.java350.service.EmployeService .embaucheEmploye                - Employé créé : com.ipiecoles.java.java350.model.Employe@933617e4
01:42:19 [main] INFO  com.ipiecoles.java.java350.service.EmployeService .embaucheEmploye                - Embauche de l'employé Jean Aurore diplômé de INGENIEUR en tant que MANAGER avec un taux d'activité de 1.0
01:42:19 [main] INFO  com.ipiecoles.java.java350.service.EmployeService .embaucheEmploye                - Employé créé : com.ipiecoles.java.java350.model.Employe@933617e4
01:42:54 [main] INFO  com.ipiecoles.java.java350.service.EmployeService .embaucheEmploye                - Embauche de l'employé Jean Aurore diplômé de INGENIEUR en tant que MANAGER avec un taux d'activité de 1.0
01:42:54 [main] WARN  com.ipiecoles.java.java350.service.EmployeService .embaucheEmploye                - Attention, seuil des 90000 matricules atteints !
01:42:54 [main] ERROR com.ipiecoles.java.java350.service.EmployeService .embaucheEmploye                - L'employé de matricule M99999 existe déjà en BDD
01:42:55 [main] INFO  com.ipiecoles.java.java350.service.EmployeService .embaucheEmploye                - Embauche de l'employé Jean Aurore diplômé de INGENIEUR en tant que MANAGER avec un taux d'activité de 1.0
01:42:55 [main] WARN  com.ipiecoles.java.java350.service.EmployeService .embaucheEmploye                - Attention, seuil des 90000 matricules atteints !
01:42:55 [main] ERROR com.ipiecoles.java.java350.service.EmployeService .embaucheEmploye                - L'employé de matricule M99999 existe déjà en BDD
01:42:55 [main] INFO  com.ipiecoles.java.java350.service.EmployeService .embaucheEmploye                - Embauche de l'employé Jean Aurore diplômé de INGENIEUR en tant que MANAGER avec un taux d'activité de 1.0
01:42:55 [main] ERROR com.ipiecoles.java.java350.service.EmployeService .embaucheEmploye                - Limite des 100000 matricules atteinte !
01:42:55 [main] INFO  com.ipiecoles.java.java350.service.EmployeService .embaucheEmploye                - Embauche de l'employé Jean Aurore diplômé de INGENIEUR en tant que MANAGER avec un taux d'activité de 1.0
01:42:55 [main] ERROR com.ipiecoles.java.java350.service.EmployeService .embaucheEmploye                - Limite des 100000 matricules atteinte !
01:42:55 [main] INFO  com.ipiecoles.java.java350.service.EmployeService .embaucheEmploye                - Embauche de l'employé Jean Aurore diplômé de INGENIEUR en tant que MANAGER avec un taux d'activité de 1.0
01:42:55 [main] ERROR com.ipiecoles.java.java350.service.EmployeService .embaucheEmploye                - Limite des 100000 matricules atteinte !
02:11:12 [main] ERROR com.ipiecoles.java.java350.service.EmployeService .calculPerformanceCommercial    - Chiffre d'affaires traité null n'est pas valide !
02:11:12 [main] ERROR com.ipiecoles.java.java350.service.EmployeService .calculPerformanceCommercial    - Chiffre d'affaires traité null n'est pas valide !
02:23:40 [main] ERROR com.ipiecoles.java.java350.service.EmployeService .calculPerformanceCommercial    - Chiffre d'affaires traité null n'est pas valide !
03:11:12 [main] ERROR com.ipiecoles.java.java350.service.EmployeService .calculPerformanceCommercial    - Chiffre d'affaires traité null n'est pas valide !
03:11:12 [main] ERROR com.ipiecoles.java.java350.service.EmployeService .calculPerformanceCommercial    - Chiffre d'affaires traité null n'est pas valide !
03:14:31 [main] ERROR com.ipiecoles.java.java350.service.EmployeService .calculPerformanceCommercial    - Chiffre d'affaires traité -5000 n'est pas valide !
03:14:31 [main] ERROR com.ipiecoles.java.java350.service.EmployeService .calculPerformanceCommercial    - Chiffre d'affaires traité -5000 n'est pas valide !
03:16:09 [main] ERROR com.ipiecoles.java.java350.service.EmployeService .calculPerformanceCommercial    - L'objectif de chiffre d'affaires null n'est pas valide !
03:16:09 [main] ERROR com.ipiecoles.java.java350.service.EmployeService .calculPerformanceCommercial    - L'objectif de chiffre d'affaires null n'est pas valide !
04:12:12 [main] INFO  com.ipiecoles.java.java350.service.EmployeService .calculPerformanceCommercial    - Performance employé 2 : 
04:12:12 [main] INFO  com.ipiecoles.java.java350.service.EmployeService .calculPerformanceCommercial    - Performance moyenne employé 0.0 : 
12:49:11 [main] INFO  c.i.j.j.service.EmployeServiceIntegrationTestEval .logStarting                    - Starting EmployeServiceIntegrationTestEval on FR-L4228361 with PID 44548 (started by yann.maloula in C:\dev\git\ipi-java-350-ex)
12:49:11 [main] INFO  c.i.j.j.service.EmployeServiceIntegrationTestEval .logStartupProfileInfo          - No active profile set, falling back to default profiles: default
12:49:17 [main] INFO  c.i.j.j.service.EmployeServiceIntegrationTestEval .logStarted                     - Started EmployeServiceIntegrationTestEval in 6.713 seconds (JVM running for 9.38)
12:49:18 [main] INFO  com.ipiecoles.java.java350.service.EmployeService .embaucheEmploye                - Embauche de l'employé MARTIN Chloé diplômé de BTS_IUT en tant que COMMERCIAL avec un taux d'activité de 1.0
12:49:18 [main] INFO  com.ipiecoles.java.java350.service.EmployeService .embaucheEmploye                - Aucun matricule trouvé, attribution du matricule par défaut 00001
12:49:18 [main] INFO  com.ipiecoles.java.java350.service.EmployeService .embaucheEmploye                - Employé créé : com.ipiecoles.java.java350.model.Employe@149fe15
12:49:18 [main] INFO  com.ipiecoles.java.java350.service.EmployeService .calculPerformanceCommercial    - Performance employé 6 : 
12:49:18 [main] INFO  com.ipiecoles.java.java350.service.EmployeService .calculPerformanceCommercial    - Performance moyenne employé 1.0 : 
12:50:41 [main] INFO  c.i.j.j.service.EmployeServiceIntegrationTestEval .logStarting                    - Starting EmployeServiceIntegrationTestEval on FR-L4228361 with PID 42952 (started by yann.maloula in C:\dev\git\ipi-java-350-ex)
12:50:41 [main] INFO  c.i.j.j.service.EmployeServiceIntegrationTestEval .logStartupProfileInfo          - No active profile set, falling back to default profiles: default
12:50:46 [main] INFO  c.i.j.j.service.EmployeServiceIntegrationTestEval .logStarted                     - Started EmployeServiceIntegrationTestEval in 5.706 seconds (JVM running for 7.57)
12:50:46 [main] INFO  com.ipiecoles.java.java350.service.EmployeService .embaucheEmploye                - Embauche de l'employé MARTIN Chloé diplômé de BTS_IUT en tant que COMMERCIAL avec un taux d'activité de 1.0
12:50:47 [main] INFO  com.ipiecoles.java.java350.service.EmployeService .embaucheEmploye                - Aucun matricule trouvé, attribution du matricule par défaut 00001
12:50:47 [main] INFO  com.ipiecoles.java.java350.service.EmployeService .embaucheEmploye                - Employé créé : com.ipiecoles.java.java350.model.Employe@149fe15
12:50:47 [main] INFO  com.ipiecoles.java.java350.service.EmployeService .calculPerformanceCommercial    - Performance employé 6 : 
12:50:47 [main] INFO  com.ipiecoles.java.java350.service.EmployeService .calculPerformanceCommercial    - Performance moyenne employé 1.0 : 
