{"logLevel":"debug","message":"multithreading is set to false"}
{"logLevel":"debug","message":"Using reflection to scan dependencies for gauge implementations..."}
16:08:18,481 |-INFO in ch.qos.logback.classic.LoggerContext[default] - Could NOT find resource [logback-test.xml]
16:08:18,483 |-INFO in ch.qos.logback.classic.LoggerContext[default] - Could NOT find resource [logback.groovy]
16:08:18,486 |-INFO in ch.qos.logback.classic.LoggerContext[default] - Found resource [logback.xml] at [file:/C:/dev/git/ipi-java-350-ex/target/classes/logback.xml]
16:08:18,807 |-INFO in ch.qos.logback.classic.joran.action.ConfigurationAction - debug attribute not set
16:08:18,810 |-INFO in ch.qos.logback.core.joran.action.AppenderAction - About to instantiate appender of type [ch.qos.logback.core.ConsoleAppender]
16:08:18,840 |-INFO in ch.qos.logback.core.joran.action.AppenderAction - Naming appender as [STDOUT]
16:08:18,859 |-INFO in ch.qos.logback.core.joran.action.NestedComplexPropertyIA - Assuming default type [ch.qos.logback.classic.encoder.PatternLayoutEncoder] for [encoder] property
16:08:19,024 |-INFO in ch.qos.logback.core.joran.action.AppenderAction - About to instantiate appender of type [ch.qos.logback.core.FileAppender]
16:08:19,031 |-INFO in ch.qos.logback.core.joran.action.AppenderAction - Naming appender as [ERROR_LOG]
16:08:19,032 |-INFO in ch.qos.logback.core.joran.action.NestedComplexPropertyIA - Assuming default type [ch.qos.logback.classic.encoder.PatternLayoutEncoder] for [encoder] property
16:08:19,036 |-INFO in ch.qos.logback.core.FileAppender[ERROR_LOG] - File property is set to [error.log]
16:08:19,047 |-INFO in ch.qos.logback.core.joran.action.AppenderAction - About to instantiate appender of type [ch.qos.logback.core.rolling.RollingFileAppender]
16:08:19,049 |-INFO in ch.qos.logback.core.joran.action.AppenderAction - Naming appender as [INFO_LOG]
16:08:19,054 |-INFO in ch.qos.logback.core.joran.action.NestedComplexPropertyIA - Assuming default type [ch.qos.logback.classic.encoder.PatternLayoutEncoder] for [encoder] property
16:08:19,108 |-INFO in c.q.l.core.rolling.TimeBasedRollingPolicy@2008994632 - No compression will be used
16:08:19,113 |-INFO in c.q.l.core.rolling.TimeBasedRollingPolicy@2008994632 - Will use the pattern archived/info.%d{yyyy-MM-dd}.%i.log for the active file
16:08:19,119 |-INFO in ch.qos.logback.core.rolling.SizeAndTimeBasedFNATP@73170f10 - The date pattern is 'yyyy-MM-dd' from file name pattern 'archived/info.%d{yyyy-MM-dd}.%i.log'.
16:08:19,120 |-INFO in ch.qos.logback.core.rolling.SizeAndTimeBasedFNATP@73170f10 - Roll-over at midnight.
16:08:19,136 |-INFO in ch.qos.logback.core.rolling.SizeAndTimeBasedFNATP@73170f10 - Setting initial period to Sat Jul 17 16:02:36 CEST 2021
16:08:19,138 |-WARN in ch.qos.logback.core.rolling.SizeAndTimeBasedFNATP@73170f10 - SizeAndTimeBasedFNATP is deprecated. Use SizeAndTimeBasedRollingPolicy instead
16:08:19,138 |-WARN in ch.qos.logback.core.rolling.SizeAndTimeBasedFNATP@73170f10 - For more information see http://logback.qos.ch/manual/appenders.html#SizeAndTimeBasedRollingPolicy
16:08:19,147 |-INFO in ch.qos.logback.core.rolling.RollingFileAppender[INFO_LOG] - Active log file name: info.log
16:08:19,147 |-INFO in ch.qos.logback.core.rolling.RollingFileAppender[INFO_LOG] - File property is set to [info.log]
16:08:19,161 |-INFO in ch.qos.logback.classic.joran.action.LoggerAction - Setting level of logger [com.ipiecoles.java] to INFO
16:08:19,161 |-INFO in ch.qos.logback.core.joran.action.AppenderRefAction - Attaching appender named [INFO_LOG] to Logger[com.ipiecoles.java]
16:08:19,162 |-INFO in ch.qos.logback.classic.joran.action.RootLoggerAction - Setting level of ROOT logger to DEBUG
16:08:19,162 |-INFO in ch.qos.logback.core.joran.action.AppenderRefAction - Attaching appender named [STDOUT] to Logger[ROOT]
16:08:19,162 |-INFO in ch.qos.logback.core.joran.action.AppenderRefAction - Attaching appender named [ERROR_LOG] to Logger[ROOT]
16:08:19,163 |-INFO in ch.qos.logback.classic.joran.action.ConfigurationAction - End of configuration.
16:08:19,172 |-INFO in ch.qos.logback.classic.joran.JoranConfigurator@1be641f3 - Registering current configuration as safe fallback point

{"logLevel":"debug","message":"gauge-java took 4475milliseconds to load and scan. This should be less than 'runner_connection_timeout' config value."}
{"logLevel":"debug","message":"run 'gauge config runner_connection_timeout' and verify that it is < 4475"}
{"logLevel":"debug","message":"starting gRPC server..."}
{"logLevel":"debug","message":"started gRPC server on port 54706"}
{"logLevel":"info","message":"Listening on port:54706"}
16:08:24.412 [pool-1-thread-1] INFO  org.reflections.Reflections                       .scan                           - Reflections took 5075 ms to scan 133 urls, producing 13803 keys and 71947 values 
{"logLevel":"debug","message":"Scanning packages for steps"}
{"logLevel":"debug","message":"Comparing 'com.ipiecoles.java.java350.EmbaucheEmployeGaugeImpl.testEmbauchePremierEmployePleinTempsManagerIngenieur' and 'com.ipiecoles.java.java350.EmbaucheEmployeGaugeImpl.testEmbauchePremierEmployePleinTempsManagerIngenieur'"}
{"logLevel":"debug","message":"Found Employe embauche passed in current project scope."}
{"logLevel":"debug","message":"Comparing 'com.ipiecoles.java.java350.EmployeServiceGaugeTest.testEmbaucheEmployeEmployeExistantFailed' and 'com.ipiecoles.java.java350.EmployeServiceGaugeTest.testEmbaucheEmployeExistantPassed'"}
{"logLevel":"debug","message":"Comparing 'com.ipiecoles.java.java350.EmployeServiceGaugeTest.testEmbaucheEmployeExistantPassed' and 'com.ipiecoles.java.java350.EmployeServiceGaugeTest.testEmbaucheEmployeExistantPassed'"}
{"logLevel":"debug","message":"Found Employe embauche {} {} {} {} {} in current project scope."}
{"logLevel":"debug","message":"Comparing 'com.ipiecoles.java.java350.EmployeServiceGaugeTest.testEmbaucheEmployeEmployeExistantFailed' and 'com.ipiecoles.java.java350.EmployeServiceGaugeTest.testEmbaucheEmployeEmployeExistantFailed'"}
{"logLevel":"debug","message":"Found Employe embauche {} {} {} {} {} in current project scope."}
{"logLevel":"debug","message":"Scanning packages for hooks"}
16:08:25.676 [pool-1-thread-1] INFO  o.s.d.r.config.RepositoryConfigurationDelegate    .registerRepositoriesIn         - Bootstrapping Spring Data repositories in DEFAULT mode.
16:08:25.845 [pool-1-thread-1] INFO  o.s.d.r.config.RepositoryConfigurationDelegate    .registerRepositoriesIn         - Finished Spring Data repository scanning in 142ms. Found 1 repository interfaces.
16:08:27.267 [pool-1-thread-1] INFO  com.zaxxer.hikari.HikariDataSource                .getConnection                  - HikariPool-1 - Starting...
16:08:27.684 [pool-1-thread-1] INFO  com.zaxxer.hikari.HikariDataSource                .getConnection                  - HikariPool-1 - Start completed.
16:08:27.982 [pool-1-thread-1] INFO  org.hibernate.Version                             .logVersion                     - HHH000412: Hibernate Core {5.3.9.Final}
16:08:27.987 [pool-1-thread-1] INFO  org.hibernate.cfg.Environment                     .<clinit>                       - HHH000206: hibernate.properties not found
16:08:28.374 [pool-1-thread-1] INFO  org.hibernate.annotations.common.Version          .<clinit>                       - HCANN000001: Hibernate Commons Annotations {5.0.4.Final}
16:08:28.700 [pool-1-thread-1] INFO  org.hibernate.dialect.Dialect                     .<init>                         - HHH000400: Using dialect: org.hibernate.dialect.H2Dialect
16:08:29.790 [pool-1-thread-1] INFO  o.hibernate.tool.schema.internal.SchemaCreatorImpl.applyImportSources             - HHH000476: Executing import script 'org.hibernate.tool.schema.internal.exec.ScriptSourceInputNonExistentImpl@10afa439'
16:08:29.796 [pool-1-thread-1] INFO  o.s.orm.jpa.LocalContainerEntityManagerFactoryBean.buildNativeEntityManagerFactory - Initialized JPA EntityManagerFactory for persistence unit 'default'
16:08:30.376 [pool-1-thread-1] INFO  o.h.hql.internal.QueryTranslatorFactoryInitiator  .initiateService                - HHH000397: Using ASTQueryTranslatorFactory
16:08:30.793 [pool-1-thread-1] WARN  org.hibernate.dialect.function.TemplateRenderer   .render                         - HHH000174: Function template anticipated 3 arguments, but 2 arguments encountered
{"logLevel":"debug","message":"Using com.ipiecoles.java.java350.RegisterIOC as class initializer"}
{"logLevel":"debug","message":"Scanned steps (using static parsing + reflections): "}
{"logLevel":"debug","message":"\t\/\/ 2032\r\n\"2032-01-01, 11 : public void testGetNbRtt(String d, String resultat)"}
{"logLevel":"debug","message":"\tselect avg(performance) from Employe where SUBSTRING(matricule,0,1) = ?1  :  Double avgPerformanceWhereMatriculeStartsWith(String premiereLettreMatricule)"}
{"logLevel":"debug","message":"\tEmploye embauche passed : public void testEmbauchePremierEmployePleinTempsManagerIngenieur() throws Exception"}
{"logLevel":"debug","message":"\t\/\/ 2022\r\n\"2022-02-17, 10 : public void testGetNbRtt(String d, String resultat)"}
{"logLevel":"debug","message":"\t\/\/ Technicien à plein temps sans ancienneté\r\n\"0,,'T12345',1.0,1000.0 : public void testGetPrimeAnnuelle(Integer nbAnneesAnciennete, Integer performance, String matricule, Double tempsPartiel, Double primeObtenue)"}
{"logLevel":"debug","message":"\t\/\/ Manager à plein temps sans ancienneté\r\n\"0,,'M12345',1.0,1700.0 : public void testGetPrimeAnnuelle(Integer nbAnneesAnciennete, Integer performance, String matricule, Double tempsPartiel, Double primeObtenue)"}
{"logLevel":"debug","message":"\t\/\/ 2021\r\n\"2021-06-15, 9 : public void testGetNbRtt(String d, String resultat)"}
{"logLevel":"debug","message":"\t\/\/ 2019\r\n\"2019-11-15, 8 : public void testGetNbRtt(String d, String resultat)"}
{"logLevel":"debug","message":"\tEmploye embauche {} {} {} {} {} : public void testEmbaucheEmployeEmployeExistantFailed() throws Exception"}
{"logLevel":"debug","message":"\t\/\/ Technicien à plein temps sans ancienneté avec performance de base\r\n\"0,1,'T12345',1.0,1000.0 : public void testGetPrimeAnnuelle(Integer nbAnneesAnciennete, Integer performance, String matricule, Double tempsPartiel, Double primeObtenue)"}
{"logLevel":"debug","message":"\tselect max(substring(matricule,2)) from Employe :  String findLastMatricule()"}
16:08:35.168 [pool-2-thread-1] INFO  org.reflections.Reflections                       .scan                           - Reflections took 3522 ms to scan 133 urls, producing 13659 keys and 58488 values 
{"logLevel":"debug","message":"Executing 'Employe embauche passed' using 'class com.ipiecoles.java.java350.EmbaucheEmployeGaugeImpl.testEmbauchePremierEmployePleinTempsManagerIngenieur"}
16:08:35.636 [pool-2-thread-1] INFO  com.ipiecoles.java.java350.service.EmployeService .embaucheEmploye                - Embauche de l'employé Jean Aurore diplômé de INGENIEUR en tant que MANAGER avec un taux d'activité de 1.0
16:08:35.729 [pool-2-thread-1] INFO  com.ipiecoles.java.java350.service.EmployeService .embaucheEmploye                - Aucun matricule trouvé, attribution du matricule par défaut 00001
16:08:35.786 [pool-2-thread-1] INFO  com.ipiecoles.java.java350.service.EmployeService .embaucheEmploye                - Employé créé : com.ipiecoles.java.java350.model.Employe@bc2ed629
{"logLevel":"debug","message":"Killing Java runner..."}
{"logLevel":"debug","message":"Stopping execution pool..."}
{"logLevel":"debug","message":"Shutting down grpc server..."}
{"logLevel":"debug","message":"Runner killed gracefully."}
