00:03:43 [main] INFO  com.ipiecoles.java.java350.service.EmployeService .calculPerformanceCommercial    - Performance employé 6 : 
00:03:43 [main] INFO  com.ipiecoles.java.java350.service.EmployeService .calculPerformanceCommercial    - Performance moyenne employé 0.0 : 
00:20:40 [main] WARN  com.ipiecoles.java.java350.service.EmployeService .calculPerformanceCommercial    - Le matricule C00001 est introuvable dans la bdd!
00:20:40 [main] WARN  com.ipiecoles.java.java350.service.EmployeService .calculPerformanceCommercial    - Le matricule C00001 est introuvable dans la bdd!
00:20:51 [main] ERROR com.ipiecoles.java.java350.service.EmployeService .calculPerformanceCommercial    - Le matricule M00001 n'est pas valide !
00:20:52 [main] ERROR com.ipiecoles.java.java350.service.EmployeService .calculPerformanceCommercial    - Le matricule M00001 n'est pas valide !
00:21:02 [main] ERROR com.ipiecoles.java.java350.service.EmployeService .calculPerformanceCommercial    - Le matricule null n'est pas valide !
00:21:02 [main] ERROR com.ipiecoles.java.java350.service.EmployeService .calculPerformanceCommercial    - Le matricule null n'est pas valide !
00:21:13 [main] ERROR com.ipiecoles.java.java350.service.EmployeService .calculPerformanceCommercial    - L'objectif de chiffre d'affaires -5000 n'est pas valide !
00:21:13 [main] ERROR com.ipiecoles.java.java350.service.EmployeService .calculPerformanceCommercial    - L'objectif de chiffre d'affaires -5000 n'est pas valide !
00:21:24 [main] ERROR com.ipiecoles.java.java350.service.EmployeService .calculPerformanceCommercial    - L'objectif de chiffre d'affaires null n'est pas valide !
00:21:24 [main] ERROR com.ipiecoles.java.java350.service.EmployeService .calculPerformanceCommercial    - L'objectif de chiffre d'affaires null n'est pas valide !
00:21:36 [main] ERROR com.ipiecoles.java.java350.service.EmployeService .calculPerformanceCommercial    - Chiffre d'affaires traité -5000 n'est pas valide !
00:21:37 [main] ERROR com.ipiecoles.java.java350.service.EmployeService .calculPerformanceCommercial    - Chiffre d'affaires traité -5000 n'est pas valide !
00:21:45 [main] ERROR com.ipiecoles.java.java350.service.EmployeService .calculPerformanceCommercial    - Chiffre d'affaires traité null n'est pas valide !
00:21:45 [main] ERROR com.ipiecoles.java.java350.service.EmployeService .calculPerformanceCommercial    - Chiffre d'affaires traité null n'est pas valide !
00:25:04 [main] INFO  com.ipiecoles.java.java350.service.EmployeService .calculPerformanceCommercial    - Performance employé 6 : 
00:25:04 [main] INFO  com.ipiecoles.java.java350.service.EmployeService .calculPerformanceCommercial    - Performance moyenne employé 0.0 : 
00:31:59 [main] INFO  com.ipiecoles.java.java350.service.EmployeService .calculPerformanceCommercial    - Performance employé 6 : 
00:31:59 [main] INFO  com.ipiecoles.java.java350.service.EmployeService .calculPerformanceCommercial    - Performance moyenne employé 0.0 : 
00:37:29 [main] INFO  com.ipiecoles.java.java350.service.EmployeService .calculPerformanceCommercial    - Performance employé 3 : 
00:37:29 [main] INFO  com.ipiecoles.java.java350.service.EmployeService .calculPerformanceCommercial    - Performance moyenne employé 0.0 : 
00:42:43 [main] INFO  com.ipiecoles.java.java350.service.EmployeService .calculPerformanceCommercial    - Performance employé 3 : 
00:42:43 [main] INFO  com.ipiecoles.java.java350.service.EmployeService .calculPerformanceCommercial    - Performance moyenne employé 0.0 : 
01:25:15 [main] INFO  com.ipiecoles.java.java350.service.EmployeService .calculPerformanceCommercial    - Performance employé 3 : 
01:25:15 [main] INFO  com.ipiecoles.java.java350.service.EmployeService .calculPerformanceCommercial    - Performance moyenne employé 0.0 : 
01:28:27 [main] INFO  com.ipiecoles.java.java350.service.EmployeService .calculPerformanceCommercial    - Performance employé 3 : 
01:28:27 [main] INFO  com.ipiecoles.java.java350.service.EmployeService .calculPerformanceCommercial    - Performance moyenne employé 0.0 : 
01:29:07 [main] INFO  com.ipiecoles.java.java350.service.EmployeService .calculPerformanceCommercial    - Performance employé 2 : 
01:29:07 [main] INFO  com.ipiecoles.java.java350.service.EmployeService .calculPerformanceCommercial    - Performance moyenne employé 0.0 : 
01:34:47 [main] INFO  com.ipiecoles.java.java350.service.EmployeService .calculPerformanceCommercial    - Performance employé 2 : 
01:34:47 [main] INFO  com.ipiecoles.java.java350.service.EmployeService .calculPerformanceCommercial    - Performance moyenne employé 0.0 : 
01:34:54 [main] INFO  com.ipiecoles.java.java350.service.EmployeService .calculPerformanceCommercial    - Performance employé 2 : 
01:34:54 [main] INFO  com.ipiecoles.java.java350.service.EmployeService .calculPerformanceCommercial    - Performance moyenne employé 0.0 : 
01:35:19 [main] INFO  com.ipiecoles.java.java350.service.EmployeService .calculPerformanceCommercial    - Performance employé 2 : 
01:35:19 [main] INFO  com.ipiecoles.java.java350.service.EmployeService .calculPerformanceCommercial    - Performance moyenne employé 0.0 : 
01:40:18 [main] INFO  com.ipiecoles.java.java350.service.EmployeService .calculPerformanceCommercial    - Performance employé 1 : 
01:40:18 [main] INFO  com.ipiecoles.java.java350.service.EmployeService .calculPerformanceCommercial    - Performance moyenne employé 0.0 : 
01:40:35 [main] INFO  com.ipiecoles.java.java350.service.EmployeService .calculPerformanceCommercial    - Performance employé 1 : 
01:40:35 [main] INFO  com.ipiecoles.java.java350.service.EmployeService .calculPerformanceCommercial    - Performance moyenne employé 0.0 : 
01:43:14 [main] INFO  com.ipiecoles.java.java350.service.EmployeService .calculPerformanceCommercial    - Performance employé 1 : 
01:43:14 [main] INFO  com.ipiecoles.java.java350.service.EmployeService .calculPerformanceCommercial    - Performance moyenne employé 0.0 : 
01:43:49 [main] INFO  com.ipiecoles.java.java350.service.EmployeService .calculPerformanceCommercial    - Performance employé 2 : 
01:43:49 [main] INFO  com.ipiecoles.java.java350.service.EmployeService .calculPerformanceCommercial    - Performance moyenne employé 0.0 : 
01:46:00 [main] INFO  com.ipiecoles.java.java350.service.EmployeService .calculPerformanceCommercial    - Performance employé 2 : 
01:46:00 [main] INFO  com.ipiecoles.java.java350.service.EmployeService .calculPerformanceCommercial    - Performance moyenne employé 0.0 : 
01:52:17 [main] INFO  com.ipiecoles.java.java350.service.EmployeService .calculPerformanceCommercial    - Performance employé 1 : 
01:52:17 [main] INFO  com.ipiecoles.java.java350.service.EmployeService .calculPerformanceCommercial    - Performance moyenne employé 0.0 : 
01:57:04 [main] INFO  com.ipiecoles.java.java350.service.EmployeService .calculPerformanceCommercial    - Performance employé 1 : 
01:57:04 [main] INFO  com.ipiecoles.java.java350.service.EmployeService .calculPerformanceCommercial    - Performance moyenne employé 0.0 : 
01:58:09 [main] INFO  com.ipiecoles.java.java350.service.EmployeService .calculPerformanceCommercial    - Performance employé 2 : 
01:58:09 [main] INFO  com.ipiecoles.java.java350.service.EmployeService .calculPerformanceCommercial    - Performance moyenne employé 0.0 : 
02:00:42 [main] INFO  com.ipiecoles.java.java350.service.EmployeService .calculPerformanceCommercial    - Performance employé 2 : 
02:00:42 [main] INFO  com.ipiecoles.java.java350.service.EmployeService .calculPerformanceCommercial    - Performance moyenne employé 0.0 : 
02:01:45 [main] INFO  com.ipiecoles.java.java350.service.EmployeService .calculPerformanceCommercial    - Performance employé 2 : 
02:01:45 [main] INFO  com.ipiecoles.java.java350.service.EmployeService .calculPerformanceCommercial    - Performance moyenne employé 0.0 : 
02:04:09 [main] INFO  com.ipiecoles.java.java350.service.EmployeService .calculPerformanceCommercial    - Performance employé 2 : 
02:04:09 [main] INFO  com.ipiecoles.java.java350.service.EmployeService .calculPerformanceCommercial    - Performance moyenne employé 0.0 : 
02:04:36 [main] INFO  com.ipiecoles.java.java350.service.EmployeService .calculPerformanceCommercial    - Performance employé 6 : 
02:04:36 [main] INFO  com.ipiecoles.java.java350.service.EmployeService .calculPerformanceCommercial    - Performance moyenne employé 0.0 : 
02:04:36 [main] ERROR com.ipiecoles.java.java350.service.EmployeService .calculPerformanceCommercial    - Chiffre d'affaires traité -5000 n'est pas valide !
02:04:36 [main] ERROR com.ipiecoles.java.java350.service.EmployeService .calculPerformanceCommercial    - Chiffre d'affaires traité -5000 n'est pas valide !
02:04:36 [main] ERROR com.ipiecoles.java.java350.service.EmployeService .calculPerformanceCommercial    - L'objectif de chiffre d'affaires null n'est pas valide !
02:04:36 [main] ERROR com.ipiecoles.java.java350.service.EmployeService .calculPerformanceCommercial    - L'objectif de chiffre d'affaires null n'est pas valide !
02:04:36 [main] ERROR com.ipiecoles.java.java350.service.EmployeService .calculPerformanceCommercial    - Chiffre d'affaires traité null n'est pas valide !
02:04:36 [main] ERROR com.ipiecoles.java.java350.service.EmployeService .calculPerformanceCommercial    - Chiffre d'affaires traité null n'est pas valide !
02:04:36 [main] ERROR com.ipiecoles.java.java350.service.EmployeService .calculPerformanceCommercial    - L'objectif de chiffre d'affaires -5000 n'est pas valide !
02:04:36 [main] ERROR com.ipiecoles.java.java350.service.EmployeService .calculPerformanceCommercial    - L'objectif de chiffre d'affaires -5000 n'est pas valide !
02:04:36 [main] INFO  com.ipiecoles.java.java350.service.EmployeService .calculPerformanceCommercial    - Performance employé 2 : 
02:04:36 [main] INFO  com.ipiecoles.java.java350.service.EmployeService .calculPerformanceCommercial    - Performance moyenne employé 0.0 : 
02:04:36 [main] INFO  com.ipiecoles.java.java350.service.EmployeService .calculPerformanceCommercial    - Performance employé 3 : 
02:04:36 [main] INFO  com.ipiecoles.java.java350.service.EmployeService .calculPerformanceCommercial    - Performance moyenne employé 0.0 : 
02:04:36 [main] ERROR com.ipiecoles.java.java350.service.EmployeService .calculPerformanceCommercial    - Le matricule null n'est pas valide !
02:04:36 [main] ERROR com.ipiecoles.java.java350.service.EmployeService .calculPerformanceCommercial    - Le matricule null n'est pas valide !
02:04:36 [main] INFO  com.ipiecoles.java.java350.service.EmployeService .calculPerformanceCommercial    - Performance employé 2 : 
02:04:36 [main] INFO  com.ipiecoles.java.java350.service.EmployeService .calculPerformanceCommercial    - Performance moyenne employé 0.0 : 
02:04:36 [main] INFO  com.ipiecoles.java.java350.service.EmployeService .calculPerformanceCommercial    - Performance employé 2 : 
02:04:36 [main] INFO  com.ipiecoles.java.java350.service.EmployeService .calculPerformanceCommercial    - Performance moyenne employé 0.0 : 
02:04:36 [main] ERROR com.ipiecoles.java.java350.service.EmployeService .calculPerformanceCommercial    - Le matricule M00001 n'est pas valide !
02:04:36 [main] ERROR com.ipiecoles.java.java350.service.EmployeService .calculPerformanceCommercial    - Le matricule M00001 n'est pas valide !
02:04:36 [main] WARN  com.ipiecoles.java.java350.service.EmployeService .calculPerformanceCommercial    - Le matricule C00001 est introuvable dans la bdd!
02:04:36 [main] WARN  com.ipiecoles.java.java350.service.EmployeService .calculPerformanceCommercial    - Le matricule C00001 est introuvable dans la bdd!
02:05:40 [main] INFO  com.ipiecoles.java.java350.service.EmployeService .calculPerformanceCommercial    - Performance employé 2 : 
02:05:40 [main] INFO  com.ipiecoles.java.java350.service.EmployeService .calculPerformanceCommercial    - Performance moyenne employé 0.0 : 
02:12:53 [main] INFO  com.ipiecoles.java.java350.service.EmployeService .calculPerformanceCommercial    - Performance employé 6 : 
02:12:53 [main] INFO  com.ipiecoles.java.java350.service.EmployeService .calculPerformanceCommercial    - Performance moyenne employé 0.0 : 
02:12:53 [main] ERROR com.ipiecoles.java.java350.service.EmployeService .calculPerformanceCommercial    - Chiffre d'affaires traité -5000 n'est pas valide !
02:12:53 [main] ERROR com.ipiecoles.java.java350.service.EmployeService .calculPerformanceCommercial    - Chiffre d'affaires traité -5000 n'est pas valide !
02:12:53 [main] ERROR com.ipiecoles.java.java350.service.EmployeService .calculPerformanceCommercial    - L'objectif de chiffre d'affaires null n'est pas valide !
02:12:53 [main] ERROR com.ipiecoles.java.java350.service.EmployeService .calculPerformanceCommercial    - L'objectif de chiffre d'affaires null n'est pas valide !
02:12:53 [main] ERROR com.ipiecoles.java.java350.service.EmployeService .calculPerformanceCommercial    - Chiffre d'affaires traité null n'est pas valide !
02:12:53 [main] ERROR com.ipiecoles.java.java350.service.EmployeService .calculPerformanceCommercial    - Chiffre d'affaires traité null n'est pas valide !
02:12:53 [main] ERROR com.ipiecoles.java.java350.service.EmployeService .calculPerformanceCommercial    - L'objectif de chiffre d'affaires -5000 n'est pas valide !
02:12:53 [main] ERROR com.ipiecoles.java.java350.service.EmployeService .calculPerformanceCommercial    - L'objectif de chiffre d'affaires -5000 n'est pas valide !
02:12:53 [main] INFO  com.ipiecoles.java.java350.service.EmployeService .calculPerformanceCommercial    - Performance employé 2 : 
02:12:53 [main] INFO  com.ipiecoles.java.java350.service.EmployeService .calculPerformanceCommercial    - Performance moyenne employé 0.0 : 
02:12:53 [main] INFO  com.ipiecoles.java.java350.service.EmployeService .calculPerformanceCommercial    - Performance employé 3 : 
02:12:53 [main] INFO  com.ipiecoles.java.java350.service.EmployeService .calculPerformanceCommercial    - Performance moyenne employé 0.0 : 
02:12:53 [main] ERROR com.ipiecoles.java.java350.service.EmployeService .calculPerformanceCommercial    - Le matricule null n'est pas valide !
02:12:53 [main] ERROR com.ipiecoles.java.java350.service.EmployeService .calculPerformanceCommercial    - Le matricule null n'est pas valide !
02:12:53 [main] INFO  com.ipiecoles.java.java350.service.EmployeService .calculPerformanceCommercial    - Performance employé 2 : 
02:12:53 [main] INFO  com.ipiecoles.java.java350.service.EmployeService .calculPerformanceCommercial    - Performance moyenne employé 0.0 : 
02:12:53 [main] INFO  com.ipiecoles.java.java350.service.EmployeService .calculPerformanceCommercial    - Performance employé 2 : 
02:12:53 [main] INFO  com.ipiecoles.java.java350.service.EmployeService .calculPerformanceCommercial    - Performance moyenne employé 0.0 : 
02:12:53 [main] ERROR com.ipiecoles.java.java350.service.EmployeService .calculPerformanceCommercial    - Le matricule M00001 n'est pas valide !
02:12:53 [main] ERROR com.ipiecoles.java.java350.service.EmployeService .calculPerformanceCommercial    - Le matricule M00001 n'est pas valide !
02:12:53 [main] WARN  com.ipiecoles.java.java350.service.EmployeService .calculPerformanceCommercial    - Le matricule C00001 est introuvable dans la bdd!
02:12:53 [main] WARN  com.ipiecoles.java.java350.service.EmployeService .calculPerformanceCommercial    - Le matricule C00001 est introuvable dans la bdd!
02:13:39 [main] INFO  com.ipiecoles.java.java350.service.EmployeService .calculPerformanceCommercial    - Performance employé 2 : 
02:13:39 [main] INFO  com.ipiecoles.java.java350.service.EmployeService .calculPerformanceCommercial    - Performance moyenne employé 0.0 : 
02:44:23 [main] INFO  c.i.j.j.service.EmployeServiceIntegrationTest     .logStarting                    - Starting EmployeServiceIntegrationTest on FR-L4228361 with PID 37412 (started by yann.maloula in C:\dev\git\ipi-java-350-ex)
02:44:23 [main] INFO  c.i.j.j.service.EmployeServiceIntegrationTest     .logStartupProfileInfo          - No active profile set, falling back to default profiles: default
02:44:28 [main] INFO  c.i.j.j.service.EmployeServiceIntegrationTest     .logStarted                     - Started EmployeServiceIntegrationTest in 6.419 seconds (JVM running for 8.935)
02:44:29 [main] INFO  com.ipiecoles.java.java350.service.EmployeService .embaucheEmploye                - Embauche de l'employé Jean Aurore diplômé de INGENIEUR en tant que MANAGER avec un taux d'activité de 1.0
02:44:29 [main] INFO  com.ipiecoles.java.java350.service.EmployeService .embaucheEmploye                - Aucun matricule trouvé, attribution du matricule par défaut 00001
02:44:29 [main] INFO  com.ipiecoles.java.java350.service.EmployeService .embaucheEmploye                - Employé créé : com.ipiecoles.java.java350.model.Employe@bc2ec725
02:44:40 [main] INFO  c.i.j.j.service.EmployeServiceIntegrationTest     .logStarting                    - Starting EmployeServiceIntegrationTest on FR-L4228361 with PID 8568 (started by yann.maloula in C:\dev\git\ipi-java-350-ex)
02:44:40 [main] INFO  c.i.j.j.service.EmployeServiceIntegrationTest     .logStartupProfileInfo          - No active profile set, falling back to default profiles: default
02:44:47 [main] INFO  c.i.j.j.service.EmployeServiceIntegrationTest     .logStarted                     - Started EmployeServiceIntegrationTest in 8.221 seconds (JVM running for 10.189)
02:44:56 [main] INFO  com.ipiecoles.java.java350.service.EmployeService .embaucheEmploye                - Embauche de l'employé Jean Aurore diplômé de INGENIEUR en tant que MANAGER avec un taux d'activité de 1.0
02:44:56 [main] INFO  com.ipiecoles.java.java350.service.EmployeService .embaucheEmploye                - Aucun matricule trouvé, attribution du matricule par défaut 00001
02:44:57 [main] INFO  com.ipiecoles.java.java350.service.EmployeService .embaucheEmploye                - Employé créé : com.ipiecoles.java.java350.model.Employe@bc2ec725
02:52:40 [main] INFO  c.i.j.j.service.EmployeServiceIntegrationTestEval .logStarting                    - Starting EmployeServiceIntegrationTestEval on FR-L4228361 with PID 36828 (started by yann.maloula in C:\dev\git\ipi-java-350-ex)
02:52:40 [main] INFO  c.i.j.j.service.EmployeServiceIntegrationTestEval .logStartupProfileInfo          - No active profile set, falling back to default profiles: default
02:52:45 [main] INFO  c.i.j.j.service.EmployeServiceIntegrationTestEval .logStarted                     - Started EmployeServiceIntegrationTestEval in 5.785 seconds (JVM running for 7.766)
02:52:45 [main] INFO  com.ipiecoles.java.java350.service.EmployeService .embaucheEmploye                - Embauche de l'employé Jean Aurore diplômé de INGENIEUR en tant que MANAGER avec un taux d'activité de 1.0
02:52:46 [main] INFO  com.ipiecoles.java.java350.service.EmployeService .embaucheEmploye                - Aucun matricule trouvé, attribution du matricule par défaut 00001
02:52:46 [main] INFO  com.ipiecoles.java.java350.service.EmployeService .embaucheEmploye                - Employé créé : com.ipiecoles.java.java350.model.Employe@bc2ec725
02:53:33 [main] INFO  c.i.j.j.service.EmployeServiceIntegrationTestEval .logStarting                    - Starting EmployeServiceIntegrationTestEval on FR-L4228361 with PID 32180 (started by yann.maloula in C:\dev\git\ipi-java-350-ex)
02:53:33 [main] INFO  c.i.j.j.service.EmployeServiceIntegrationTestEval .logStartupProfileInfo          - No active profile set, falling back to default profiles: default
02:53:38 [main] INFO  c.i.j.j.service.EmployeServiceIntegrationTestEval .logStarted                     - Started EmployeServiceIntegrationTestEval in 5.572 seconds (JVM running for 7.287)
02:53:39 [main] INFO  com.ipiecoles.java.java350.service.EmployeService .embaucheEmploye                - Embauche de l'employé Jean Aurore diplômé de INGENIEUR en tant que MANAGER avec un taux d'activité de 1.0
02:53:39 [main] INFO  com.ipiecoles.java.java350.service.EmployeService .embaucheEmploye                - Aucun matricule trouvé, attribution du matricule par défaut 00001
02:53:39 [main] INFO  com.ipiecoles.java.java350.service.EmployeService .embaucheEmploye                - Employé créé : com.ipiecoles.java.java350.model.Employe@bc2ec725
02:53:39 [main] ERROR com.ipiecoles.java.java350.service.EmployeService .calculPerformanceCommercial    - Le matricule M00001 n'est pas valide !
02:54:36 [main] INFO  c.i.j.j.service.EmployeServiceIntegrationTestEval .logStarting                    - Starting EmployeServiceIntegrationTestEval on FR-L4228361 with PID 36184 (started by yann.maloula in C:\dev\git\ipi-java-350-ex)
02:54:36 [main] INFO  c.i.j.j.service.EmployeServiceIntegrationTestEval .logStartupProfileInfo          - No active profile set, falling back to default profiles: default
02:54:41 [main] INFO  c.i.j.j.service.EmployeServiceIntegrationTestEval .logStarted                     - Started EmployeServiceIntegrationTestEval in 5.971 seconds (JVM running for 8.266)
02:54:42 [main] INFO  com.ipiecoles.java.java350.service.EmployeService .embaucheEmploye                - Embauche de l'employé MARTIN Chloé diplômé de BTS_IUT en tant que COMMERCIAL avec un taux d'activité de 1.0
02:54:42 [main] INFO  com.ipiecoles.java.java350.service.EmployeService .embaucheEmploye                - Aucun matricule trouvé, attribution du matricule par défaut 00001
02:54:42 [main] INFO  com.ipiecoles.java.java350.service.EmployeService .embaucheEmploye                - Employé créé : com.ipiecoles.java.java350.model.Employe@149f2d2
02:54:42 [main] INFO  com.ipiecoles.java.java350.service.EmployeService .calculPerformanceCommercial    - Performance employé 6 : 
02:54:42 [main] INFO  com.ipiecoles.java.java350.service.EmployeService .calculPerformanceCommercial    - Performance moyenne employé 1.0 : 
02:54:58 [main] INFO  c.i.j.j.service.EmployeServiceIntegrationTestEval .logStarting                    - Starting EmployeServiceIntegrationTestEval on FR-L4228361 with PID 28352 (started by yann.maloula in C:\dev\git\ipi-java-350-ex)
02:54:58 [main] INFO  c.i.j.j.service.EmployeServiceIntegrationTestEval .logStartupProfileInfo          - No active profile set, falling back to default profiles: default
02:55:04 [main] INFO  c.i.j.j.service.EmployeServiceIntegrationTestEval .logStarted                     - Started EmployeServiceIntegrationTestEval in 6.847 seconds (JVM running for 9.405)
02:55:04 [main] INFO  com.ipiecoles.java.java350.service.EmployeService .embaucheEmploye                - Embauche de l'employé MARTIN Chloé diplômé de BTS_IUT en tant que COMMERCIAL avec un taux d'activité de 1.0
02:55:04 [main] INFO  com.ipiecoles.java.java350.service.EmployeService .embaucheEmploye                - Aucun matricule trouvé, attribution du matricule par défaut 00001
02:55:04 [main] INFO  com.ipiecoles.java.java350.service.EmployeService .embaucheEmploye                - Employé créé : com.ipiecoles.java.java350.model.Employe@149f2d2
02:55:04 [main] INFO  com.ipiecoles.java.java350.service.EmployeService .calculPerformanceCommercial    - Performance employé 6 : 
02:55:04 [main] INFO  com.ipiecoles.java.java350.service.EmployeService .calculPerformanceCommercial    - Performance moyenne employé 1.0 : 
