22:32:08 [main] INFO  com.ipiecoles.java.java350.service.EmployeService .embaucheEmploye                - Embauche de l'employé Dupont Emilie diplômé de INGENIEUR en tant que MANAGER avec un taux d'activité de 1.0
22:32:08 [main] INFO  com.ipiecoles.java.java350.service.EmployeService .embaucheEmploye                - Employé créé : com.ipiecoles.java.java350.model.Employe@6a717d16
22:33:01 [main] INFO  com.ipiecoles.java.java350.service.EmployeService .embaucheEmploye                - Embauche de l'employé Jean Aurore diplômé de INGENIEUR en tant que MANAGER avec un taux d'activité de 1.0
22:33:01 [main] WARN  com.ipiecoles.java.java350.service.EmployeService .embaucheEmploye                - Attention, seuil des 90000 matricules atteints !
22:33:01 [main] ERROR com.ipiecoles.java.java350.service.EmployeService .embaucheEmploye                - L'employé de matricule M99999 existe déjà en BDD
22:33:01 [main] INFO  com.ipiecoles.java.java350.service.EmployeService .embaucheEmploye                - Embauche de l'employé Jean Aurore diplômé de INGENIEUR en tant que MANAGER avec un taux d'activité de 1.0
22:33:01 [main] WARN  com.ipiecoles.java.java350.service.EmployeService .embaucheEmploye                - Attention, seuil des 90000 matricules atteints !
22:33:01 [main] ERROR com.ipiecoles.java.java350.service.EmployeService .embaucheEmploye                - L'employé de matricule M99999 existe déjà en BDD
22:35:01 [main] INFO  com.ipiecoles.java.java350.service.EmployeService .embaucheEmploye                - Embauche de l'employé Jean Aurore diplômé de INGENIEUR en tant que MANAGER avec un taux d'activité de 1.0
22:35:01 [main] INFO  com.ipiecoles.java.java350.service.EmployeService .embaucheEmploye                - Employé créé : com.ipiecoles.java.java350.model.Employe@933608e0
22:45:07 [main] ERROR com.ipiecoles.java.java350.service.EmployeService .calculPerformanceCommercial    - Le matricule M00001 n'est pas valide !
22:46:03 [main] ERROR com.ipiecoles.java.java350.service.EmployeService .calculPerformanceCommercial    - Le matricule M00001 n'est pas valide !
22:48:47 [main] INFO  com.ipiecoles.java.java350.service.EmployeService .calculPerformanceCommercial    - Performance employé 6 : 
22:48:47 [main] INFO  com.ipiecoles.java.java350.service.EmployeService .calculPerformanceCommercial    - Performance moyenne employé 0.0 : 
22:50:14 [main] INFO  com.ipiecoles.java.java350.service.EmployeService .calculPerformanceCommercial    - Performance employé 6 : 
22:50:14 [main] INFO  com.ipiecoles.java.java350.service.EmployeService .calculPerformanceCommercial    - Performance moyenne employé 0.0 : 
23:09:09 [main] INFO  com.ipiecoles.java.java350.service.EmployeService .calculPerformanceCommercial    - Performance employé 2 : 
23:09:09 [main] INFO  com.ipiecoles.java.java350.service.EmployeService .calculPerformanceCommercial    - Performance moyenne employé 0.0 : 
23:10:33 [main] INFO  com.ipiecoles.java.java350.service.EmployeService .calculPerformanceCommercial    - Performance employé 2 : 
23:10:33 [main] INFO  com.ipiecoles.java.java350.service.EmployeService .calculPerformanceCommercial    - Performance moyenne employé 0.0 : 
23:10:58 [main] INFO  com.ipiecoles.java.java350.service.EmployeService .calculPerformanceCommercial    - Performance employé 2 : 
23:10:58 [main] INFO  com.ipiecoles.java.java350.service.EmployeService .calculPerformanceCommercial    - Performance moyenne employé 0.0 : 
23:19:30 [main] WARN  com.ipiecoles.java.java350.service.EmployeService .calculPerformanceCommercial    - Le matricule C00001 est introuvable dans la bdd!
23:21:52 [main] WARN  com.ipiecoles.java.java350.service.EmployeService .calculPerformanceCommercial    - Le matricule C00001 est introuvable dans la bdd!
23:21:52 [main] WARN  com.ipiecoles.java.java350.service.EmployeService .calculPerformanceCommercial    - Le matricule C00001 est introuvable dans la bdd!
23:27:01 [main] ERROR com.ipiecoles.java.java350.service.EmployeService .calculPerformanceCommercial    - Chiffre d'affaires traité -5000 n'est pas valide !
23:27:01 [main] ERROR com.ipiecoles.java.java350.service.EmployeService .calculPerformanceCommercial    - Chiffre d'affaires traité -5000 n'est pas valide !
23:28:56 [main] ERROR com.ipiecoles.java.java350.service.EmployeService .calculPerformanceCommercial    - Chiffre d'affaires traité -5000 n'est pas valide !
23:28:57 [main] ERROR com.ipiecoles.java.java350.service.EmployeService .calculPerformanceCommercial    - Chiffre d'affaires traité -5000 n'est pas valide !
23:29:45 [main] WARN  com.ipiecoles.java.java350.service.EmployeService .calculPerformanceCommercial    - Le matricule C00001 est introuvable dans la bdd!
23:30:14 [main] ERROR com.ipiecoles.java.java350.service.EmployeService .calculPerformanceCommercial    - Chiffre d'affaires traité -5000 n'est pas valide !
23:30:14 [main] ERROR com.ipiecoles.java.java350.service.EmployeService .calculPerformanceCommercial    - Chiffre d'affaires traité -5000 n'est pas valide !
23:31:14 [main] ERROR com.ipiecoles.java.java350.service.EmployeService .calculPerformanceCommercial    - Chiffre d'affaires traité -5000 n'est pas valide !
23:31:14 [main] ERROR com.ipiecoles.java.java350.service.EmployeService .calculPerformanceCommercial    - Chiffre d'affaires traité -5000 n'est pas valide !
23:31:41 [main] WARN  com.ipiecoles.java.java350.service.EmployeService .calculPerformanceCommercial    - Le matricule C00001 est introuvable dans la bdd!
23:31:41 [main] WARN  com.ipiecoles.java.java350.service.EmployeService .calculPerformanceCommercial    - Le matricule C00001 est introuvable dans la bdd!
23:32:24 [main] WARN  com.ipiecoles.java.java350.service.EmployeService .calculPerformanceCommercial    - Le matricule C00001 est introuvable dans la bdd!
23:33:33 [main] WARN  com.ipiecoles.java.java350.service.EmployeService .calculPerformanceCommercial    - Le matricule C00001 est introuvable dans la bdd!
23:35:35 [main] ERROR com.ipiecoles.java.java350.service.EmployeService .calculPerformanceCommercial    - Chiffre d'affaires traité null n'est pas valide !
23:35:36 [main] ERROR com.ipiecoles.java.java350.service.EmployeService .calculPerformanceCommercial    - Chiffre d'affaires traité null n'est pas valide !
23:40:01 [main] ERROR com.ipiecoles.java.java350.service.EmployeService .calculPerformanceCommercial    - L'objectif de chiffre d'affaires null n'est pas valide !
23:40:01 [main] ERROR com.ipiecoles.java.java350.service.EmployeService .calculPerformanceCommercial    - L'objectif de chiffre d'affaires null n'est pas valide !
23:40:54 [main] ERROR com.ipiecoles.java.java350.service.EmployeService .calculPerformanceCommercial    - L'objectif de chiffre d'affaires -5000 n'est pas valide !
23:40:54 [main] ERROR com.ipiecoles.java.java350.service.EmployeService .calculPerformanceCommercial    - L'objectif de chiffre d'affaires -5000 n'est pas valide !
23:43:58 [main] ERROR com.ipiecoles.java.java350.service.EmployeService .calculPerformanceCommercial    - Le matricule null n'est pas valide !
23:44:56 [main] ERROR com.ipiecoles.java.java350.service.EmployeService .calculPerformanceCommercial    - Le matricule null n'est pas valide !
23:44:56 [main] ERROR com.ipiecoles.java.java350.service.EmployeService .calculPerformanceCommercial    - Le matricule null n'est pas valide !
23:49:22 [main] ERROR com.ipiecoles.java.java350.service.EmployeService .calculPerformanceCommercial    - Le matricule M00001 n'est pas valide !
23:49:22 [main] ERROR com.ipiecoles.java.java350.service.EmployeService .calculPerformanceCommercial    - Le matricule M00001 n'est pas valide !
